Using pre-set license
Built from '2020.3/staging' branch; Version is '2020.3.10f1 (297d780c91bc) revision 2719096'; Using compiler version '192528614'; Build Type 'Release'
OS: 'Windows 10 Home; OS build 19043.1348; Version 2009; 64bit' Language: 'en' Physical Memory: 24520 MB
BatchMode: 1, IsHumanControllingUs: 0, StartBugReporterOnCrash: 0, Is64bit: 1, IsPro: 0

 COMMAND LINE ARGUMENTS:
C:\Program Files\Unity\Hub\Editor\2020.3.10f1\Editor\Unity.exe
-adb2
-batchMode
-noUpm
-name
AssetImportWorker0
-projectPath
C:/Unity/Dungeon_Explorer_Game
-logFile
Logs/AssetImportWorker0.log
-srvPort
54658
Successfully changed project path to: C:/Unity/Dungeon_Explorer_Game
C:/Unity/Dungeon_Explorer_Game
Using Asset Import Pipeline V2.
Refreshing native plugins compatible for Editor in 34.38 ms, found 3 plugins.
Preloading 0 native plugins for Editor in 0.00 ms.
Initialize engine version: 2020.3.10f1 (297d780c91bc)
[Subsystems] Discovering subsystems at path C:/Program Files/Unity/Hub/Editor/2020.3.10f1/Editor/Data/Resources/UnitySubsystems
[Subsystems] Discovering subsystems at path C:/Unity/Dungeon_Explorer_Game/Assets
GfxDevice: creating device client; threaded=0
Direct3D:
    Version:  Direct3D 11.0 [level 11.1]
    Renderer: NVIDIA GeForce RTX 3080 (ID=0x2216)
    Vendor:   
    VRAM:     10077 MB
    Driver:   30.0.14.7168
Initialize mono
Mono path[0] = 'C:/Program Files/Unity/Hub/Editor/2020.3.10f1/Editor/Data/Managed'
Mono path[1] = 'C:/Program Files/Unity/Hub/Editor/2020.3.10f1/Editor/Data/MonoBleedingEdge/lib/mono/unityjit'
Mono config path = 'C:/Program Files/Unity/Hub/Editor/2020.3.10f1/Editor/Data/MonoBleedingEdge/etc'
Using monoOptions --debugger-agent=transport=dt_socket,embedding=1,server=y,suspend=n,address=127.0.0.1:56392
Begin MonoManager ReloadAssembly
Registering precompiled unity dll's ...
Register platform support module: C:/Program Files/Unity/Hub/Editor/2020.3.10f1/Editor/Data/PlaybackEngines/WebGLSupport/UnityEditor.WebGL.Extensions.dll
Register platform support module: C:/Program Files/Unity/Hub/Editor/2020.3.10f1/Editor/Data/PlaybackEngines/WindowsStandaloneSupport/UnityEditor.WindowsStandalone.Extensions.dll
Registered in 0.001633 seconds.
Native extension for WindowsStandalone target not found
Native extension for WebGL target not found
Refreshing native plugins compatible for Editor in 31.30 ms, found 3 plugins.
Preloading 0 native plugins for Editor in 0.00 ms.
Mono: successfully reloaded assembly
- Completed reload, in  0.876 seconds
Platform modules already initialized, skipping
Registering precompiled user dll's ...
Registered in 0.006812 seconds.
Begin MonoManager ReloadAssembly
Native extension for WindowsStandalone target not found
Native extension for WebGL target not found
Refreshing native plugins compatible for Editor in 31.66 ms, found 3 plugins.
Preloading 0 native plugins for Editor in 0.00 ms.
Mono: successfully reloaded assembly
- Completed reload, in  1.152 seconds
Platform modules already initialized, skipping
========================================================================
Worker process is ready to serve import requests
Launched and connected shader compiler UnityShaderCompiler.exe after 0.04 seconds
Refreshing native plugins compatible for Editor in 0.55 ms, found 3 plugins.
Preloading 0 native plugins for Editor in 0.00 ms.
Unloading 2151 Unused Serialized files (Serialized files now loaded: 0)
System memory in use before: 95.0 MB.
System memory in use after: 95.0 MB.

Unloading 43 unused Assets to reduce memory usage. Loaded Objects now: 2632.
Total: 21.149900 ms (FindLiveObjects: 0.259500 ms CreateObjectMapping: 0.114200 ms MarkObjects: 20.637600 ms  DeleteObjects: 0.137000 ms)

========================================================================
Received Import Request.
  path: Assets/Scripts/TileCardManager.cs
  artifactKey: Guid(0fc2f8d13d9fcb4439deac4489cf64d4) Importer(815301076,1909f56bfc062723c751e8b465ee728b)
Start importing Assets/Scripts/TileCardManager.cs using Guid(0fc2f8d13d9fcb4439deac4489cf64d4) Importer(815301076,1909f56bfc062723c751e8b465ee728b)  -> (artifact id: 'a799704af3af4e9d122f1c9056fb6352') in 0.035948 seconds
  Import took 0.039452 seconds .

========================================================================
Received Import Request.
  Time since last request: 0.000197 seconds.
  path: Assets/Scripts/Tile.cs
  artifactKey: Guid(e9b4ada30e9ef7149abe5ededdd45f0e) Importer(815301076,1909f56bfc062723c751e8b465ee728b)
Start importing Assets/Scripts/Tile.cs using Guid(e9b4ada30e9ef7149abe5ededdd45f0e) Importer(815301076,1909f56bfc062723c751e8b465ee728b)  -> (artifact id: '3120c782894bac836a5fd4623f2cc332') in 0.007507 seconds
  Import took 0.010790 seconds .

========================================================================
Received Import Request.
  Time since last request: 0.908868 seconds.
  path: Assets/Scripts/HorizontalDistribute.cs
  artifactKey: Guid(0f9efe6bee5eb644aae9936be01e7118) Importer(815301076,1909f56bfc062723c751e8b465ee728b)
Start importing Assets/Scripts/HorizontalDistribute.cs using Guid(0f9efe6bee5eb644aae9936be01e7118) Importer(815301076,1909f56bfc062723c751e8b465ee728b)  -> (artifact id: 'f0f4b0b58267283b0ad00e8e1e0fdd52') in 0.005558 seconds
  Import took 0.008913 seconds .

========================================================================
Received Import Request.
  Time since last request: 0.812299 seconds.
  path: Assets/Scripts/CardSlot.cs
  artifactKey: Guid(655b2b753eb96454786f7eabb0545e45) Importer(815301076,1909f56bfc062723c751e8b465ee728b)
Start importing Assets/Scripts/CardSlot.cs using Guid(655b2b753eb96454786f7eabb0545e45) Importer(815301076,1909f56bfc062723c751e8b465ee728b)  -> (artifact id: '59dad7d029d204dc42ba953eb0155ea0') in 0.005435 seconds
  Import took 0.008307 seconds .

========================================================================
Received Import Request.
  Time since last request: 0.286440 seconds.
  path: Assets/Scripts/CardMotionScript.cs
  artifactKey: Guid(a00e313a5454a644f8beee694868e2f8) Importer(815301076,1909f56bfc062723c751e8b465ee728b)
Start importing Assets/Scripts/CardMotionScript.cs using Guid(a00e313a5454a644f8beee694868e2f8) Importer(815301076,1909f56bfc062723c751e8b465ee728b)  -> (artifact id: '0222623cc6ba3c5ea79c677c78682bc1') in 0.005368 seconds
  Import took 0.008587 seconds .

========================================================================
Received Import Request.
  Time since last request: 0.215772 seconds.
  path: Assets/Scripts/Card.cs
  artifactKey: Guid(4b45ff91eee0c0245bbbea636a1b9e0d) Importer(815301076,1909f56bfc062723c751e8b465ee728b)
Start importing Assets/Scripts/Card.cs using Guid(4b45ff91eee0c0245bbbea636a1b9e0d) Importer(815301076,1909f56bfc062723c751e8b465ee728b)  -> (artifact id: '006368e2531623f9d2b198981b822b4f') in 0.005068 seconds
  Import took 0.008096 seconds .

========================================================================
Received Prepare
Registering precompiled user dll's ...
Registered in 0.006989 seconds.
Begin MonoManager ReloadAssembly
Native extension for WindowsStandalone target not found
Native extension for WebGL target not found
Refreshing native plugins compatible for Editor in 0.57 ms, found 3 plugins.
Preloading 0 native plugins for Editor in 0.00 ms.
Mono: successfully reloaded assembly
- Completed reload, in  1.091 seconds
Platform modules already initialized, skipping
Refreshing native plugins compatible for Editor in 0.58 ms, found 3 plugins.
Preloading 0 native plugins for Editor in 0.00 ms.
Unloading 2145 Unused Serialized files (Serialized files now loaded: 0)
System memory in use before: 95.0 MB.
System memory in use after: 95.0 MB.

Unloading 31 unused Assets to reduce memory usage. Loaded Objects now: 2636.
Total: 20.627100 ms (FindLiveObjects: 0.258700 ms CreateObjectMapping: 0.081300 ms MarkObjects: 20.162200 ms  DeleteObjects: 0.123900 ms)

AssetImportWorkerClient::OnTransportError - code=2 error=End of file
